Start Instance
INFO:    instance started successfully
Start postgresql
/scif/apps/start/scif/runscript: 6: [: missing ]
Starting on port 5432
pg_ctl: another server might be running; trying to start server anyway
waiting for server to start....2022-08-05 12:01:29.152 EDT [32] LOG:  starting PostgreSQL 12.1 (Debian 12.1-1.pgdg100+1) on x86_64-pc-linux-gnu, compiled by gcc (Debian 8.3.0-6) 8.3.0, 64-bit
2022-08-05 12:01:29.153 EDT [32] LOG:  listening on IPv4 address "0.0.0.0", port 5432
2022-08-05 12:01:29.153 EDT [32] LOG:  listening on IPv6 address "::", port 5432
2022-08-05 12:01:29.453 EDT [32] LOG:  listening on Unix socket "/data/sockets/.s.PGSQL.5432"
2022-08-05 12:01:29.911 EDT [33] LOG:  database system was interrupted; last known up at 2022-08-03 14:27:11 EDT
..2022-08-05 12:01:31.810 EDT [33] LOG:  database system was not properly shut down; automatic recovery in progress
2022-08-05 12:01:31.871 EDT [33] LOG:  redo starts at 0/1948F50
2022-08-05 12:01:31.871 EDT [33] LOG:  invalid record length at 0/1949038: wanted 24, got 0
2022-08-05 12:01:31.871 EDT [33] LOG:  redo done at 0/1949000
2022-08-05 12:01:31.911 EDT [32] LOG:  database system is ready to accept connections
 done
server started
Create DB test_db
2022-08-05 12:01:32.178 EDT [49] ERROR:  database "test_db" already exists
2022-08-05 12:01:32.178 EDT [49] STATEMENT:  CREATE DATABASE test_db;
createdb: error: database creation failed: ERROR:  database "test_db" already exists
2022-08-05 12:01:32.378 EDT [66] ERROR:  role "testuser" already exists
2022-08-05 12:01:32.378 EDT [66] STATEMENT:  CREATE USER testuser WITH PASSWORD 'testpass'
ERROR:  role "testuser" already exists
GRANT
Write connection and status to sciduct.status.json
DB running on 10.155.197.37:5432
Waiting for DB Completion...
2022-08-05 12:22:38.741 EDT [136] ERROR:  INSERT has more target columns than expressions at character 50
2022-08-05 12:22:38.741 EDT [136] STATEMENT:  
	                    INSERT INTO NETWORK (ID, a, b)
	                    VALUES (0, 3)
2022-08-05 12:23:36.670 EDT [140] ERROR:  INSERT has more target columns than expressions at character 50
2022-08-05 12:23:36.670 EDT [140] STATEMENT:  
	                    INSERT INTO NETWORK (ID, a, b)
	                    VALUES (0, 3)
2022-08-05 12:24:03.383 EDT [143] ERROR:  INSERT has more target columns than expressions at character 50
2022-08-05 12:24:03.383 EDT [143] STATEMENT:  
	                    INSERT INTO NETWORK (ID, a, b)
	                    VALUES (0, 3)
2022-08-05 12:25:03.316 EDT [146] ERROR:  INSERT has more target columns than expressions at character 50
2022-08-05 12:25:03.316 EDT [146] STATEMENT:  
	                    INSERT INTO NETWORK (ID, a, b)
	                    VALUES (0, 3)
2022-08-05 12:28:43.638 EDT [156] ERROR:  INSERT has more target columns than expressions at character 50
2022-08-05 12:28:43.638 EDT [156] STATEMENT:  
	                    INSERT INTO NETWORK (ID, a, b)
	                    VALUES (0, 3)
2022-08-05 12:36:24.670 EDT [173] ERROR:  INSERT has more target columns than expressions at character 50
2022-08-05 12:36:24.670 EDT [173] STATEMENT:  
	                    INSERT INTO NETWORK (ID, a, b)
	                    VALUES (0, 3)
2022-08-05 12:37:15.066 EDT [177] ERROR:  INSERT has more target columns than expressions at character 50
2022-08-05 12:37:15.066 EDT [177] STATEMENT:  
	                    INSERT INTO NETWORK (ID, a, b)
	                    VALUES (0, 3)
2022-08-05 12:37:57.102 EDT [180] ERROR:  INSERT has more target columns than expressions at character 50
2022-08-05 12:37:57.102 EDT [180] STATEMENT:  
	                    INSERT INTO NETWORK (ID, a, b)
	                    VALUES (0, 3)
2022-08-05 12:38:12.115 EDT [183] ERROR:  INSERT has more target columns than expressions at character 50
2022-08-05 12:38:12.115 EDT [183] STATEMENT:  
	                    INSERT INTO NETWORK (ID, a, b)
	                    VALUES (0, 3)
2022-08-05 12:41:22.485 EDT [191] ERROR:  INSERT has more target columns than expressions at character 50
2022-08-05 12:41:22.485 EDT [191] STATEMENT:  
	                    INSERT INTO NETWORK (ID, a, b)
	                    VALUES (0, 3)
2022-08-05 12:52:50.169 EDT [222] ERROR:  column "NETWORK" does not exist at character 59
2022-08-05 12:52:50.169 EDT [222] STATEMENT:  SELECT * FROM INFORMATION_SCHEMA.COLUMNS where TABLE_NAME="NETWORK"
2022-08-05 13:45:25.481 EDT [351] ERROR:  column "a" of relation "network" does not exist at character 25
2022-08-05 13:45:25.481 EDT [351] STATEMENT:  INSERT INTO NETWORK (ID,A,B)                      VALUES (0, 1, 1)
2022-08-05 13:46:14.397 EDT [355] ERROR:  column "a" of relation "network" does not exist at character 25
2022-08-05 13:46:14.397 EDT [355] STATEMENT:  INSERT INTO NETWORK (ID,A,B)                      VALUES (0, 1, 1)
2022-08-05 13:48:26.238 EDT [361] ERROR:  column "a" of relation "network" does not exist at character 25
2022-08-05 13:48:26.238 EDT [361] STATEMENT:  INSERT INTO NETWORK (ID,A,B)                      VALUES (0, 1, 1)
2022-08-05 13:49:14.686 EDT [365] ERROR:  column "a" of relation "network" does not exist at character 25
2022-08-05 13:49:14.686 EDT [365] STATEMENT:  INSERT INTO NETWORK (ID,A,B)                      VALUES (0, 1, 1)
slurmstepd: error: *** JOB 41352334 ON udc-aj38-1c0 CANCELLED AT 2022-08-08T12:01:55 DUE TO TIME LIMIT ***
