Start Instance
INFO:    instance started successfully
Start postgresql
/scif/apps/start/scif/runscript: 6: [: missing ]
Starting on port 5432
waiting for server to start....2022-09-06 17:23:55.938 EDT [32] LOG:  starting PostgreSQL 12.1 (Debian 12.1-1.pgdg100+1) on x86_64-pc-linux-gnu, compiled by gcc (Debian 8.3.0-6) 8.3.0, 64-bit
2022-09-06 17:23:55.939 EDT [32] LOG:  listening on IPv4 address "0.0.0.0", port 5432
2022-09-06 17:23:55.939 EDT [32] LOG:  listening on IPv6 address "::", port 5432
2022-09-06 17:23:55.952 EDT [32] LOG:  listening on Unix socket "/data/sockets/.s.PGSQL.5432"
2022-09-06 17:23:56.169 EDT [33] LOG:  database system was shut down at 2022-08-05 11:39:37 EDT
2022-09-06 17:23:56.313 EDT [32] LOG:  database system is ready to accept connections
 done
server started
Create DB test_db
2022-09-06 17:23:57.042 EDT [49] ERROR:  database "test_db" already exists
2022-09-06 17:23:57.042 EDT [49] STATEMENT:  CREATE DATABASE test_db;
createdb: error: database creation failed: ERROR:  database "test_db" already exists
2022-09-06 17:23:57.645 EDT [66] ERROR:  role "testuser" already exists
2022-09-06 17:23:57.645 EDT [66] STATEMENT:  CREATE USER testuser WITH PASSWORD 'testpass'
ERROR:  role "testuser" already exists
GRANT
Write connection and status to sciduct.status.json
DB running on 10.155.197.46:5432
Waiting for DB Completion...
Closing Database...
Stop DB
2022-09-06 17:25:52.152 EDT [32] LOG:  received fast shutdown request
2022-09-06 17:25:52.153 EDT [32] LOG:  aborting any active transactions
waiting for server to shut down....2022-09-06 17:25:52.159 EDT [32] LOG:  background worker "logical replication launcher" (PID 39) exited with exit code 1
2022-09-06 17:25:52.159 EDT [34] LOG:  shutting down
2022-09-06 17:25:52.298 EDT [32] LOG:  database system is shut down
 done
server stopped
Stop Singularity Instance
INFO:    Stopping 42277171 instance of /project/biocomplexity/singularity_images/postgres-11.4.sif (PID=43087)
